<?xml version="1.0" encoding="UTF-8"?>
<testsuite name="test" tests="1" skipped="0" failures="0" errors="0" timestamp="2023-10-23T04:32:19" hostname="DESKTOP-0FS2M5P" time="0.018">
  <properties/>
  <testcase name="negativeOneShouldReturnIllegalArgument()" classname="test" time="0.018"/>
  <system-out><![CDATA[]]></system-out>
  <system-err><![CDATA[]]></system-err>
</testsuite>
