<?xml version="1.0" encoding="UTF-8"?>
<testsuite name="test" tests="1" skipped="0" failures="0" errors="0" timestamp="2023-10-23T02:17:51" hostname="DESKTOP-0FS2M5P" time="0.019">
  <properties/>
  <testcase name="totalIsValid()" classname="test" time="0.019"/>
  <system-out><![CDATA[]]></system-out>
  <system-err><![CDATA[]]></system-err>
</testsuite>
